{"/home/ericksson/Desktop/MyDevData/GoBarber/mobile/src/components/Button/index.tsx": {"path":"/home/ericksson/Desktop/MyDevData/GoBarber/mobile/src/components/Button/index.tsx","statementMap":{"0":{"start":{"line":9,"column":38},"end":{"line":14,"column":1}},"1":{"start":{"line":11,"column":2},"end":{"line":13,"column":14}}},"fnMap":{"0":{"name":"(anonymous_0)","decl":{"start":{"line":9,"column":38},"end":{"line":9,"column":39}},"loc":{"start":{"line":11,"column":2},"end":{"line":13,"column":14}},"line":11}},"branchMap":{},"s":{"0":1,"1":1},"f":{"0":1},"b":{},"_coverageSchema":"1a1c01bbd47fc00a2c39e90264f33305004495a9","hash":"d33b893672d72320f71e8907a35029742034a0e5"}
,"/home/ericksson/Desktop/MyDevData/GoBarber/mobile/src/components/Input/index.tsx": {"path":"/home/ericksson/Desktop/MyDevData/GoBarber/mobile/src/components/Input/index.tsx","statementMap":{"0":{"start":{"line":28,"column":66},"end":{"line":92,"column":1}},"1":{"start":{"line":32,"column":26},"end":{"line":32,"column":43}},"2":{"start":{"line":33,"column":65},"end":{"line":33,"column":79}},"3":{"start":{"line":35,"column":23},"end":{"line":35,"column":75}},"4":{"start":{"line":37,"column":36},"end":{"line":37,"column":51}},"5":{"start":{"line":38,"column":34},"end":{"line":38,"column":49}},"6":{"start":{"line":40,"column":27},"end":{"line":42,"column":8}},"7":{"start":{"line":41,"column":4},"end":{"line":41,"column":23}},"8":{"start":{"line":44,"column":26},"end":{"line":47,"column":8}},"9":{"start":{"line":45,"column":4},"end":{"line":45,"column":24}},"10":{"start":{"line":46,"column":4},"end":{"line":46,"column":46}},"11":{"start":{"line":49,"column":2},"end":{"line":53,"column":6}},"12":{"start":{"line":49,"column":34},"end":{"line":53,"column":3}},"13":{"start":{"line":51,"column":6},"end":{"line":51,"column":38}},"14":{"start":{"line":55,"column":2},"end":{"line":69,"column":33}},"15":{"start":{"line":56,"column":4},"end":{"line":68,"column":7}},"16":{"start":{"line":61,"column":8},"end":{"line":61,"column":43}},"17":{"start":{"line":62,"column":8},"end":{"line":62,"column":64}},"18":{"start":{"line":65,"column":8},"end":{"line":65,"column":40}},"19":{"start":{"line":66,"column":8},"end":{"line":66,"column":40}},"20":{"start":{"line":71,"column":2},"end":{"line":91,"column":4}},"21":{"start":{"line":85,"column":10},"end":{"line":85,"column":45}}},"fnMap":{"0":{"name":"(anonymous_0)","decl":{"start":{"line":28,"column":66},"end":{"line":28,"column":67}},"loc":{"start":{"line":31,"column":5},"end":{"line":92,"column":1}},"line":31},"1":{"name":"(anonymous_1)","decl":{"start":{"line":40,"column":39},"end":{"line":40,"column":40}},"loc":{"start":{"line":40,"column":45},"end":{"line":42,"column":3}},"line":40},"2":{"name":"(anonymous_2)","decl":{"start":{"line":44,"column":38},"end":{"line":44,"column":39}},"loc":{"start":{"line":44,"column":44},"end":{"line":47,"column":3}},"line":44},"3":{"name":"(anonymous_3)","decl":{"start":{"line":49,"column":27},"end":{"line":49,"column":28}},"loc":{"start":{"line":49,"column":34},"end":{"line":53,"column":3}},"line":49},"4":{"name":"(anonymous_4)","decl":{"start":{"line":50,"column":4},"end":{"line":50,"column":5}},"loc":{"start":{"line":50,"column":12},"end":{"line":52,"column":5}},"line":50},"5":{"name":"(anonymous_5)","decl":{"start":{"line":55,"column":12},"end":{"line":55,"column":13}},"loc":{"start":{"line":55,"column":18},"end":{"line":69,"column":3}},"line":55},"6":{"name":"(anonymous_6)","decl":{"start":{"line":60,"column":6},"end":{"line":60,"column":7}},"loc":{"start":{"line":60,"column":32},"end":{"line":63,"column":7}},"line":60},"7":{"name":"(anonymous_7)","decl":{"start":{"line":64,"column":6},"end":{"line":64,"column":7}},"loc":{"start":{"line":64,"column":19},"end":{"line":67,"column":7}},"line":64},"8":{"name":"(anonymous_8)","decl":{"start":{"line":84,"column":22},"end":{"line":84,"column":23}},"loc":{"start":{"line":84,"column":31},"end":{"line":86,"column":9}},"line":84}},"branchMap":{"0":{"loc":{"start":{"line":29,"column":10},"end":{"line":29,"column":29}},"type":"default-arg","locations":[{"start":{"line":29,"column":27},"end":{"line":29,"column":29}}],"line":29},"1":{"loc":{"start":{"line":33,"column":25},"end":{"line":33,"column":42}},"type":"default-arg","locations":[{"start":{"line":33,"column":40},"end":{"line":33,"column":42}}],"line":33},"2":{"loc":{"start":{"line":76,"column":15},"end":{"line":76,"column":60}},"type":"cond-expr","locations":[{"start":{"line":76,"column":39},"end":{"line":76,"column":48}},{"start":{"line":76,"column":51},"end":{"line":76,"column":60}}],"line":76},"3":{"loc":{"start":{"line":76,"column":15},"end":{"line":76,"column":36}},"type":"binary-expr","locations":[{"start":{"line":76,"column":15},"end":{"line":76,"column":24}},{"start":{"line":76,"column":28},"end":{"line":76,"column":36}}],"line":76}},"s":{"0":1,"1":2,"2":2,"3":2,"4":2,"5":2,"6":2,"7":0,"8":2,"9":0,"10":0,"11":2,"12":1,"13":0,"14":2,"15":2,"16":0,"17":0,"18":0,"19":0,"20":2,"21":0},"f":{"0":2,"1":0,"2":0,"3":1,"4":0,"5":2,"6":0,"7":0,"8":0},"b":{"0":[2],"1":[2],"2":[0,2],"3":[2,2]},"_coverageSchema":"1a1c01bbd47fc00a2c39e90264f33305004495a9","hash":"99ce3ae427427f02f24b0e8b61c900094546c4ec"}
,"/home/ericksson/Desktop/MyDevData/GoBarber/mobile/src/hooks/auth.tsx": {"path":"/home/ericksson/Desktop/MyDevData/GoBarber/mobile/src/hooks/auth.tsx","statementMap":{"0":{"start":{"line":36,"column":20},"end":{"line":36,"column":75}},"1":{"start":{"line":39,"column":18},"end":{"line":39,"column":41}},"2":{"start":{"line":41,"column":2},"end":{"line":43,"column":3}},"3":{"start":{"line":42,"column":4},"end":{"line":42,"column":67}},"4":{"start":{"line":44,"column":2},"end":{"line":44,"column":17}},"5":{"start":{"line":47,"column":38},"end":{"line":109,"column":1}},"6":{"start":{"line":48,"column":26},"end":{"line":48,"column":62}},"7":{"start":{"line":49,"column":32},"end":{"line":49,"column":46}},"8":{"start":{"line":51,"column":2},"end":{"line":66,"column":9}},"9":{"start":{"line":53,"column":28},"end":{"line":56,"column":8}},"10":{"start":{"line":58,"column":6},"end":{"line":61,"column":7}},"11":{"start":{"line":59,"column":8},"end":{"line":59,"column":66}},"12":{"start":{"line":60,"column":8},"end":{"line":60,"column":64}},"13":{"start":{"line":63,"column":6},"end":{"line":63,"column":24}},"14":{"start":{"line":65,"column":4},"end":{"line":65,"column":22}},"15":{"start":{"line":68,"column":18},"end":{"line":72,"column":8}},"16":{"start":{"line":69,"column":4},"end":{"line":69,"column":74}},"17":{"start":{"line":71,"column":4},"end":{"line":71,"column":29}},"18":{"start":{"line":74,"column":17},"end":{"line":87,"column":8}},"19":{"start":{"line":75,"column":21},"end":{"line":75,"column":69}},"20":{"start":{"line":77,"column":28},"end":{"line":77,"column":41}},"21":{"start":{"line":79,"column":4},"end":{"line":82,"column":7}},"22":{"start":{"line":84,"column":4},"end":{"line":84,"column":59}},"23":{"start":{"line":86,"column":4},"end":{"line":86,"column":29}},"24":{"start":{"line":89,"column":21},"end":{"line":100,"column":3}},"25":{"start":{"line":91,"column":24},"end":{"line":91,"column":28}},"26":{"start":{"line":92,"column":6},"end":{"line":95,"column":9}},"27":{"start":{"line":97,"column":6},"end":{"line":97,"column":73}},"28":{"start":{"line":102,"column":2},"end":{"line":108,"column":4}}},"fnMap":{"0":{"name":"useAuth","decl":{"start":{"line":38,"column":16},"end":{"line":38,"column":23}},"loc":{"start":{"line":38,"column":44},"end":{"line":45,"column":1}},"line":38},"1":{"name":"(anonymous_1)","decl":{"start":{"line":47,"column":38},"end":{"line":47,"column":39}},"loc":{"start":{"line":47,"column":56},"end":{"line":109,"column":1}},"line":47},"2":{"name":"(anonymous_2)","decl":{"start":{"line":51,"column":12},"end":{"line":51,"column":13}},"loc":{"start":{"line":51,"column":18},"end":{"line":66,"column":3}},"line":51},"3":{"name":"loadStorageData","decl":{"start":{"line":52,"column":19},"end":{"line":52,"column":34}},"loc":{"start":{"line":52,"column":52},"end":{"line":64,"column":5}},"line":52},"4":{"name":"(anonymous_4)","decl":{"start":{"line":68,"column":30},"end":{"line":68,"column":31}},"loc":{"start":{"line":68,"column":42},"end":{"line":72,"column":3}},"line":68},"5":{"name":"(anonymous_5)","decl":{"start":{"line":74,"column":29},"end":{"line":74,"column":30}},"loc":{"start":{"line":74,"column":60},"end":{"line":87,"column":3}},"line":74},"6":{"name":"(anonymous_6)","decl":{"start":{"line":90,"column":4},"end":{"line":90,"column":5}},"loc":{"start":{"line":90,"column":26},"end":{"line":98,"column":5}},"line":90}},"branchMap":{"0":{"loc":{"start":{"line":41,"column":2},"end":{"line":43,"column":3}},"type":"if","locations":[{"start":{"line":41,"column":2},"end":{"line":43,"column":3}},{"start":{"line":41,"column":2},"end":{"line":43,"column":3}}],"line":41},"1":{"loc":{"start":{"line":58,"column":6},"end":{"line":61,"column":7}},"type":"if","locations":[{"start":{"line":58,"column":6},"end":{"line":61,"column":7}},{"start":{"line":58,"column":6},"end":{"line":61,"column":7}}],"line":58},"2":{"loc":{"start":{"line":58,"column":10},"end":{"line":58,"column":29}},"type":"binary-expr","locations":[{"start":{"line":58,"column":10},"end":{"line":58,"column":18}},{"start":{"line":58,"column":22},"end":{"line":58,"column":29}}],"line":58}},"s":{"0":1,"1":1,"2":1,"3":0,"4":1,"5":1,"6":0,"7":0,"8":0,"9":0,"10":0,"11":0,"12":0,"13":0,"14":0,"15":0,"16":0,"17":0,"18":0,"19":0,"20":0,"21":0,"22":0,"23":0,"24":0,"25":0,"26":0,"27":0,"28":0},"f":{"0":1,"1":0,"2":0,"3":0,"4":0,"5":0,"6":0},"b":{"0":[0,1],"1":[0,0],"2":[0,0]},"_coverageSchema":"1a1c01bbd47fc00a2c39e90264f33305004495a9","hash":"71e59fe1857e034c694b2ec5937a4354fa51d143"}
,"/home/ericksson/Desktop/MyDevData/GoBarber/mobile/src/pages/AppointmentCreated/index.tsx": {"path":"/home/ericksson/Desktop/MyDevData/GoBarber/mobile/src/pages/AppointmentCreated/index.tsx","statementMap":{"0":{"start":{"line":20,"column":37},"end":{"line":57,"column":1}},"1":{"start":{"line":21,"column":20},"end":{"line":21,"column":35}},"2":{"start":{"line":22,"column":21},"end":{"line":22,"column":31}},"3":{"start":{"line":24,"column":22},"end":{"line":24,"column":43}},"4":{"start":{"line":26,"column":26},"end":{"line":35,"column":13}},"5":{"start":{"line":27,"column":4},"end":{"line":34,"column":7}},"6":{"start":{"line":37,"column":24},"end":{"line":43,"column":19}},"7":{"start":{"line":38,"column":4},"end":{"line":42,"column":6}},"8":{"start":{"line":45,"column":2},"end":{"line":56,"column":4}}},"fnMap":{"0":{"name":"(anonymous_0)","decl":{"start":{"line":20,"column":37},"end":{"line":20,"column":38}},"loc":{"start":{"line":20,"column":43},"end":{"line":57,"column":1}},"line":20},"1":{"name":"(anonymous_1)","decl":{"start":{"line":26,"column":38},"end":{"line":26,"column":39}},"loc":{"start":{"line":26,"column":44},"end":{"line":35,"column":3}},"line":26},"2":{"name":"(anonymous_2)","decl":{"start":{"line":37,"column":32},"end":{"line":37,"column":33}},"loc":{"start":{"line":37,"column":38},"end":{"line":43,"column":3}},"line":37}},"branchMap":{},"s":{"0":0,"1":0,"2":0,"3":0,"4":0,"5":0,"6":0,"7":0,"8":0},"f":{"0":0,"1":0,"2":0},"b":{}}
,"/home/ericksson/Desktop/MyDevData/GoBarber/mobile/src/pages/CreateAppointment/index.tsx": {"path":"/home/ericksson/Desktop/MyDevData/GoBarber/mobile/src/pages/CreateAppointment/index.tsx","statementMap":{"0":{"start":{"line":50,"column":36},"end":{"line":262,"column":1}},"1":{"start":{"line":51,"column":19},"end":{"line":51,"column":28}},"2":{"start":{"line":52,"column":16},"end":{"line":52,"column":26}},"3":{"start":{"line":53,"column":31},"end":{"line":53,"column":46}},"4":{"start":{"line":54,"column":22},"end":{"line":54,"column":49}},"5":{"start":{"line":55,"column":42},"end":{"line":55,"column":74}},"6":{"start":{"line":56,"column":36},"end":{"line":56,"column":60}},"7":{"start":{"line":57,"column":46},"end":{"line":57,"column":61}},"8":{"start":{"line":58,"column":42},"end":{"line":58,"column":62}},"9":{"start":{"line":59,"column":42},"end":{"line":59,"column":53}},"10":{"start":{"line":60,"column":50},"end":{"line":62,"column":3}},"11":{"start":{"line":64,"column":2},"end":{"line":68,"column":9}},"12":{"start":{"line":65,"column":4},"end":{"line":67,"column":7}},"13":{"start":{"line":66,"column":6},"end":{"line":66,"column":34}},"14":{"start":{"line":70,"column":2},"end":{"line":82,"column":39}},"15":{"start":{"line":71,"column":4},"end":{"line":81,"column":9}},"16":{"start":{"line":80,"column":8},"end":{"line":80,"column":39}},"17":{"start":{"line":84,"column":23},"end":{"line":86,"column":14}},"18":{"start":{"line":85,"column":4},"end":{"line":85,"column":13}},"19":{"start":{"line":88,"column":31},"end":{"line":90,"column":8}},"20":{"start":{"line":89,"column":4},"end":{"line":89,"column":36}},"21":{"start":{"line":92,"column":33},"end":{"line":94,"column":8}},"22":{"start":{"line":93,"column":4},"end":{"line":93,"column":39}},"23":{"start":{"line":93,"column":31},"end":{"line":93,"column":37}},"24":{"start":{"line":96,"column":27},"end":{"line":104,"column":8}},"25":{"start":{"line":97,"column":4},"end":{"line":99,"column":5}},"26":{"start":{"line":98,"column":6},"end":{"line":98,"column":31}},"27":{"start":{"line":101,"column":4},"end":{"line":103,"column":5}},"28":{"start":{"line":102,"column":6},"end":{"line":102,"column":28}},"29":{"start":{"line":106,"column":30},"end":{"line":116,"column":20}},"30":{"start":{"line":107,"column":4},"end":{"line":115,"column":9}},"31":{"start":{"line":108,"column":28},"end":{"line":108,"column":37}},"32":{"start":{"line":110,"column":8},"end":{"line":114,"column":10}},"33":{"start":{"line":118,"column":32},"end":{"line":128,"column":20}},"34":{"start":{"line":119,"column":4},"end":{"line":127,"column":9}},"35":{"start":{"line":120,"column":28},"end":{"line":120,"column":38}},"36":{"start":{"line":122,"column":8},"end":{"line":126,"column":10}},"37":{"start":{"line":130,"column":27},"end":{"line":132,"column":8}},"38":{"start":{"line":131,"column":4},"end":{"line":131,"column":26}},"39":{"start":{"line":134,"column":34},"end":{"line":153,"column":62}},"40":{"start":{"line":135,"column":4},"end":{"line":152,"column":5}},"41":{"start":{"line":136,"column":19},"end":{"line":136,"column":41}},"42":{"start":{"line":138,"column":6},"end":{"line":138,"column":34}},"43":{"start":{"line":139,"column":6},"end":{"line":139,"column":25}},"44":{"start":{"line":141,"column":6},"end":{"line":144,"column":9}},"45":{"start":{"line":146,"column":6},"end":{"line":146,"column":63}},"46":{"start":{"line":148,"column":6},"end":{"line":151,"column":8}},"47":{"start":{"line":155,"column":2},"end":{"line":261,"column":4}},"48":{"start":{"line":170,"column":38},"end":{"line":170,"column":49}},"49":{"start":{"line":174,"column":14},"end":{"line":182,"column":34}},"50":{"start":{"line":175,"column":31},"end":{"line":175,"column":64}},"51":{"start":{"line":213,"column":16},"end":{"line":226,"column":23}},"52":{"start":{"line":218,"column":33},"end":{"line":218,"column":55}},"53":{"start":{"line":236,"column":18},"end":{"line":249,"column":25}},"54":{"start":{"line":241,"column":35},"end":{"line":241,"column":57}}},"fnMap":{"0":{"name":"(anonymous_0)","decl":{"start":{"line":50,"column":36},"end":{"line":50,"column":37}},"loc":{"start":{"line":50,"column":42},"end":{"line":262,"column":1}},"line":50},"1":{"name":"(anonymous_1)","decl":{"start":{"line":64,"column":12},"end":{"line":64,"column":13}},"loc":{"start":{"line":64,"column":18},"end":{"line":68,"column":3}},"line":64},"2":{"name":"(anonymous_2)","decl":{"start":{"line":65,"column":31},"end":{"line":65,"column":32}},"loc":{"start":{"line":65,"column":43},"end":{"line":67,"column":5}},"line":65},"3":{"name":"(anonymous_3)","decl":{"start":{"line":70,"column":12},"end":{"line":70,"column":13}},"loc":{"start":{"line":70,"column":18},"end":{"line":82,"column":3}},"line":70},"4":{"name":"(anonymous_4)","decl":{"start":{"line":79,"column":12},"end":{"line":79,"column":13}},"loc":{"start":{"line":79,"column":24},"end":{"line":81,"column":7}},"line":79},"5":{"name":"(anonymous_5)","decl":{"start":{"line":84,"column":35},"end":{"line":84,"column":36}},"loc":{"start":{"line":84,"column":41},"end":{"line":86,"column":3}},"line":84},"6":{"name":"(anonymous_6)","decl":{"start":{"line":88,"column":43},"end":{"line":88,"column":44}},"loc":{"start":{"line":88,"column":57},"end":{"line":90,"column":3}},"line":88},"7":{"name":"(anonymous_7)","decl":{"start":{"line":92,"column":45},"end":{"line":92,"column":46}},"loc":{"start":{"line":92,"column":51},"end":{"line":94,"column":3}},"line":92},"8":{"name":"(anonymous_8)","decl":{"start":{"line":93,"column":22},"end":{"line":93,"column":23}},"loc":{"start":{"line":93,"column":31},"end":{"line":93,"column":37}},"line":93},"9":{"name":"(anonymous_9)","decl":{"start":{"line":96,"column":39},"end":{"line":96,"column":40}},"loc":{"start":{"line":96,"column":79},"end":{"line":104,"column":3}},"line":96},"10":{"name":"(anonymous_10)","decl":{"start":{"line":106,"column":38},"end":{"line":106,"column":39}},"loc":{"start":{"line":106,"column":44},"end":{"line":116,"column":3}},"line":106},"11":{"name":"(anonymous_11)","decl":{"start":{"line":108,"column":14},"end":{"line":108,"column":15}},"loc":{"start":{"line":108,"column":28},"end":{"line":108,"column":37}},"line":108},"12":{"name":"(anonymous_12)","decl":{"start":{"line":109,"column":11},"end":{"line":109,"column":12}},"loc":{"start":{"line":109,"column":36},"end":{"line":115,"column":7}},"line":109},"13":{"name":"(anonymous_13)","decl":{"start":{"line":118,"column":40},"end":{"line":118,"column":41}},"loc":{"start":{"line":118,"column":46},"end":{"line":128,"column":3}},"line":118},"14":{"name":"(anonymous_14)","decl":{"start":{"line":120,"column":14},"end":{"line":120,"column":15}},"loc":{"start":{"line":120,"column":28},"end":{"line":120,"column":38}},"line":120},"15":{"name":"(anonymous_15)","decl":{"start":{"line":121,"column":11},"end":{"line":121,"column":12}},"loc":{"start":{"line":121,"column":36},"end":{"line":127,"column":7}},"line":121},"16":{"name":"(anonymous_16)","decl":{"start":{"line":130,"column":39},"end":{"line":130,"column":40}},"loc":{"start":{"line":130,"column":57},"end":{"line":132,"column":3}},"line":130},"17":{"name":"(anonymous_17)","decl":{"start":{"line":134,"column":46},"end":{"line":134,"column":47}},"loc":{"start":{"line":134,"column":58},"end":{"line":153,"column":3}},"line":134},"18":{"name":"(anonymous_18)","decl":{"start":{"line":170,"column":26},"end":{"line":170,"column":27}},"loc":{"start":{"line":170,"column":38},"end":{"line":170,"column":49}},"line":170},"19":{"name":"(anonymous_19)","decl":{"start":{"line":173,"column":24},"end":{"line":173,"column":25}},"loc":{"start":{"line":174,"column":14},"end":{"line":182,"column":34}},"line":174},"20":{"name":"(anonymous_20)","decl":{"start":{"line":175,"column":25},"end":{"line":175,"column":26}},"loc":{"start":{"line":175,"column":31},"end":{"line":175,"column":64}},"line":175},"21":{"name":"(anonymous_21)","decl":{"start":{"line":212,"column":39},"end":{"line":212,"column":40}},"loc":{"start":{"line":213,"column":16},"end":{"line":226,"column":23}},"line":213},"22":{"name":"(anonymous_22)","decl":{"start":{"line":218,"column":27},"end":{"line":218,"column":28}},"loc":{"start":{"line":218,"column":33},"end":{"line":218,"column":55}},"line":218},"23":{"name":"(anonymous_23)","decl":{"start":{"line":235,"column":16},"end":{"line":235,"column":17}},"loc":{"start":{"line":236,"column":18},"end":{"line":249,"column":25}},"line":236},"24":{"name":"(anonymous_24)","decl":{"start":{"line":241,"column":29},"end":{"line":241,"column":30}},"loc":{"start":{"line":241,"column":35},"end":{"line":241,"column":57}},"line":241}},"branchMap":{"0":{"loc":{"start":{"line":97,"column":4},"end":{"line":99,"column":5}},"type":"if","locations":[{"start":{"line":97,"column":4},"end":{"line":99,"column":5}},{"start":{"line":97,"column":4},"end":{"line":99,"column":5}}],"line":97},"1":{"loc":{"start":{"line":101,"column":4},"end":{"line":103,"column":5}},"type":"if","locations":[{"start":{"line":101,"column":4},"end":{"line":103,"column":5}},{"start":{"line":101,"column":4},"end":{"line":103,"column":5}}],"line":101},"2":{"loc":{"start":{"line":195,"column":11},"end":{"line":203,"column":11}},"type":"binary-expr","locations":[{"start":{"line":195,"column":11},"end":{"line":195,"column":25}},{"start":{"line":196,"column":12},"end":{"line":202,"column":14}}],"line":195}},"s":{"0":0,"1":0,"2":0,"3":0,"4":0,"5":0,"6":0,"7":0,"8":0,"9":0,"10":0,"11":0,"12":0,"13":0,"14":0,"15":0,"16":0,"17":0,"18":0,"19":0,"20":0,"21":0,"22":0,"23":0,"24":0,"25":0,"26":0,"27":0,"28":0,"29":0,"30":0,"31":0,"32":0,"33":0,"34":0,"35":0,"36":0,"37":0,"38":0,"39":0,"40":0,"41":0,"42":0,"43":0,"44":0,"45":0,"46":0,"47":0,"48":0,"49":0,"50":0,"51":0,"52":0,"53":0,"54":0},"f":{"0":0,"1":0,"2":0,"3":0,"4":0,"5":0,"6":0,"7":0,"8":0,"9":0,"10":0,"11":0,"12":0,"13":0,"14":0,"15":0,"16":0,"17":0,"18":0,"19":0,"20":0,"21":0,"22":0,"23":0,"24":0},"b":{"0":[0,0],"1":[0,0],"2":[0,0]}}
,"/home/ericksson/Desktop/MyDevData/GoBarber/mobile/src/pages/Dashboard/index.tsx": {"path":"/home/ericksson/Desktop/MyDevData/GoBarber/mobile/src/pages/Dashboard/index.tsx","statementMap":{"0":{"start":{"line":30,"column":28},"end":{"line":95,"column":1}},"1":{"start":{"line":31,"column":19},"end":{"line":31,"column":28}},"2":{"start":{"line":32,"column":23},"end":{"line":32,"column":38}},"3":{"start":{"line":33,"column":36},"end":{"line":33,"column":60}},"4":{"start":{"line":35,"column":2},"end":{"line":39,"column":9}},"5":{"start":{"line":36,"column":4},"end":{"line":38,"column":7}},"6":{"start":{"line":37,"column":6},"end":{"line":37,"column":34}},"7":{"start":{"line":41,"column":28},"end":{"line":43,"column":16}},"8":{"start":{"line":42,"column":4},"end":{"line":42,"column":24}},"9":{"start":{"line":45,"column":38},"end":{"line":50,"column":3}},"10":{"start":{"line":47,"column":6},"end":{"line":47,"column":52}},"11":{"start":{"line":52,"column":2},"end":{"line":94,"column":4}},"12":{"start":{"line":67,"column":34},"end":{"line":67,"column":45}},"13":{"start":{"line":73,"column":10},"end":{"line":90,"column":30}},"14":{"start":{"line":75,"column":14},"end":{"line":75,"column":55}}},"fnMap":{"0":{"name":"(anonymous_0)","decl":{"start":{"line":30,"column":28},"end":{"line":30,"column":29}},"loc":{"start":{"line":30,"column":34},"end":{"line":95,"column":1}},"line":30},"1":{"name":"(anonymous_1)","decl":{"start":{"line":35,"column":12},"end":{"line":35,"column":13}},"loc":{"start":{"line":35,"column":18},"end":{"line":39,"column":3}},"line":35},"2":{"name":"(anonymous_2)","decl":{"start":{"line":36,"column":31},"end":{"line":36,"column":32}},"loc":{"start":{"line":36,"column":43},"end":{"line":38,"column":5}},"line":36},"3":{"name":"(anonymous_3)","decl":{"start":{"line":41,"column":40},"end":{"line":41,"column":41}},"loc":{"start":{"line":41,"column":46},"end":{"line":43,"column":3}},"line":41},"4":{"name":"(anonymous_4)","decl":{"start":{"line":46,"column":4},"end":{"line":46,"column":5}},"loc":{"start":{"line":46,"column":28},"end":{"line":48,"column":5}},"line":46},"5":{"name":"(anonymous_5)","decl":{"start":{"line":67,"column":22},"end":{"line":67,"column":23}},"loc":{"start":{"line":67,"column":34},"end":{"line":67,"column":45}},"line":67},"6":{"name":"(anonymous_6)","decl":{"start":{"line":72,"column":20},"end":{"line":72,"column":21}},"loc":{"start":{"line":73,"column":10},"end":{"line":90,"column":30}},"line":73},"7":{"name":"(anonymous_7)","decl":{"start":{"line":74,"column":21},"end":{"line":74,"column":22}},"loc":{"start":{"line":74,"column":27},"end":{"line":76,"column":13}},"line":74}},"branchMap":{},"s":{"0":0,"1":0,"2":0,"3":0,"4":0,"5":0,"6":0,"7":0,"8":0,"9":0,"10":0,"11":0,"12":0,"13":0,"14":0},"f":{"0":0,"1":0,"2":0,"3":0,"4":0,"5":0,"6":0,"7":0},"b":{}}
,"/home/ericksson/Desktop/MyDevData/GoBarber/mobile/src/pages/Profile/index.tsx": {"path":"/home/ericksson/Desktop/MyDevData/GoBarber/mobile/src/pages/Profile/index.tsx","statementMap":{"0":{"start":{"line":37,"column":26},"end":{"line":253,"column":1}},"1":{"start":{"line":38,"column":21},"end":{"line":38,"column":36}},"2":{"start":{"line":39,"column":31},"end":{"line":39,"column":40}},"3":{"start":{"line":40,"column":18},"end":{"line":40,"column":43}},"4":{"start":{"line":41,"column":24},"end":{"line":41,"column":47}},"5":{"start":{"line":42,"column":30},"end":{"line":42,"column":53}},"6":{"start":{"line":44,"column":30},"end":{"line":44,"column":53}},"7":{"start":{"line":46,"column":39},"end":{"line":46,"column":62}},"8":{"start":{"line":48,"column":29},"end":{"line":88,"column":27}},"9":{"start":{"line":50,"column":20},"end":{"line":56,"column":5}},"10":{"start":{"line":62,"column":4},"end":{"line":87,"column":7}},"11":{"start":{"line":63,"column":6},"end":{"line":63,"column":43}},"12":{"start":{"line":65,"column":6},"end":{"line":86,"column":7}},"13":{"start":{"line":66,"column":8},"end":{"line":66,"column":51}},"14":{"start":{"line":67,"column":13},"end":{"line":86,"column":7}},"15":{"start":{"line":68,"column":8},"end":{"line":68,"column":59}},"16":{"start":{"line":70,"column":23},"end":{"line":70,"column":44}},"17":{"start":{"line":75,"column":21},"end":{"line":75,"column":35}},"18":{"start":{"line":77,"column":8},"end":{"line":81,"column":11}},"19":{"start":{"line":83,"column":8},"end":{"line":85,"column":11}},"20":{"start":{"line":84,"column":10},"end":{"line":84,"column":43}},"21":{"start":{"line":90,"column":30},"end":{"line":156,"column":3}},"22":{"start":{"line":92,"column":6},"end":{"line":153,"column":7}},"23":{"start":{"line":93,"column":8},"end":{"line":93,"column":39}},"24":{"start":{"line":94,"column":23},"end":{"line":113,"column":10}},"25":{"start":{"line":102,"column":23},"end":{"line":102,"column":35}},"26":{"start":{"line":108,"column":25},"end":{"line":108,"column":37}},"27":{"start":{"line":115,"column":8},"end":{"line":117,"column":11}},"28":{"start":{"line":119,"column":58},"end":{"line":119,"column":62}},"29":{"start":{"line":121,"column":32},"end":{"line":130,"column":9}},"30":{"start":{"line":132,"column":28},"end":{"line":132,"column":70}},"31":{"start":{"line":134,"column":8},"end":{"line":134,"column":37}},"32":{"start":{"line":136,"column":8},"end":{"line":139,"column":10}},"33":{"start":{"line":140,"column":8},"end":{"line":140,"column":28}},"34":{"start":{"line":142,"column":8},"end":{"line":147,"column":9}},"35":{"start":{"line":143,"column":25},"end":{"line":143,"column":50}},"36":{"start":{"line":144,"column":10},"end":{"line":144,"column":45}},"37":{"start":{"line":146,"column":10},"end":{"line":146,"column":17}},"38":{"start":{"line":149,"column":8},"end":{"line":152,"column":10}},"39":{"start":{"line":158,"column":23},"end":{"line":160,"column":18}},"40":{"start":{"line":159,"column":4},"end":{"line":159,"column":24}},"41":{"start":{"line":162,"column":2},"end":{"line":252,"column":4}},"42":{"start":{"line":189,"column":39},"end":{"line":189,"column":69}},"43":{"start":{"line":197,"column":39},"end":{"line":197,"column":75}},"44":{"start":{"line":216,"column":39},"end":{"line":216,"column":75}},"45":{"start":{"line":227,"column":18},"end":{"line":227,"column":63}},"46":{"start":{"line":238,"column":39},"end":{"line":238,"column":68}},"47":{"start":{"line":243,"column":16},"end":{"line":243,"column":46}}},"fnMap":{"0":{"name":"(anonymous_0)","decl":{"start":{"line":37,"column":26},"end":{"line":37,"column":27}},"loc":{"start":{"line":37,"column":32},"end":{"line":253,"column":1}},"line":37},"1":{"name":"(anonymous_1)","decl":{"start":{"line":48,"column":41},"end":{"line":48,"column":42}},"loc":{"start":{"line":48,"column":47},"end":{"line":88,"column":3}},"line":48},"2":{"name":"(anonymous_2)","decl":{"start":{"line":62,"column":41},"end":{"line":62,"column":42}},"loc":{"start":{"line":62,"column":53},"end":{"line":87,"column":5}},"line":62},"3":{"name":"(anonymous_3)","decl":{"start":{"line":83,"column":46},"end":{"line":83,"column":47}},"loc":{"start":{"line":83,"column":65},"end":{"line":85,"column":9}},"line":83},"4":{"name":"(anonymous_4)","decl":{"start":{"line":91,"column":4},"end":{"line":91,"column":5}},"loc":{"start":{"line":91,"column":37},"end":{"line":154,"column":5}},"line":91},"5":{"name":"(anonymous_5)","decl":{"start":{"line":102,"column":16},"end":{"line":102,"column":17}},"loc":{"start":{"line":102,"column":23},"end":{"line":102,"column":35}},"line":102},"6":{"name":"(anonymous_6)","decl":{"start":{"line":108,"column":18},"end":{"line":108,"column":19}},"loc":{"start":{"line":108,"column":25},"end":{"line":108,"column":37}},"line":108},"7":{"name":"(anonymous_7)","decl":{"start":{"line":158,"column":35},"end":{"line":158,"column":36}},"loc":{"start":{"line":158,"column":41},"end":{"line":160,"column":3}},"line":158},"8":{"name":"(anonymous_8)","decl":{"start":{"line":189,"column":33},"end":{"line":189,"column":34}},"loc":{"start":{"line":189,"column":39},"end":{"line":189,"column":69}},"line":189},"9":{"name":"(anonymous_9)","decl":{"start":{"line":197,"column":33},"end":{"line":197,"column":34}},"loc":{"start":{"line":197,"column":39},"end":{"line":197,"column":75}},"line":197},"10":{"name":"(anonymous_10)","decl":{"start":{"line":216,"column":33},"end":{"line":216,"column":34}},"loc":{"start":{"line":216,"column":39},"end":{"line":216,"column":75}},"line":216},"11":{"name":"(anonymous_11)","decl":{"start":{"line":226,"column":33},"end":{"line":226,"column":34}},"loc":{"start":{"line":227,"column":18},"end":{"line":227,"column":63}},"line":227},"12":{"name":"(anonymous_12)","decl":{"start":{"line":238,"column":33},"end":{"line":238,"column":34}},"loc":{"start":{"line":238,"column":39},"end":{"line":238,"column":68}},"line":238},"13":{"name":"(anonymous_13)","decl":{"start":{"line":242,"column":23},"end":{"line":242,"column":24}},"loc":{"start":{"line":242,"column":29},"end":{"line":244,"column":15}},"line":242}},"branchMap":{"0":{"loc":{"start":{"line":65,"column":6},"end":{"line":86,"column":7}},"type":"if","locations":[{"start":{"line":65,"column":6},"end":{"line":86,"column":7}},{"start":{"line":65,"column":6},"end":{"line":86,"column":7}}],"line":65},"1":{"loc":{"start":{"line":67,"column":13},"end":{"line":86,"column":7}},"type":"if","locations":[{"start":{"line":67,"column":13},"end":{"line":86,"column":7}},{"start":{"line":67,"column":13},"end":{"line":86,"column":7}}],"line":67},"2":{"loc":{"start":{"line":124,"column":14},"end":{"line":129,"column":16}},"type":"cond-expr","locations":[{"start":{"line":125,"column":14},"end":{"line":128,"column":15}},{"start":{"line":129,"column":14},"end":{"line":129,"column":16}}],"line":124},"3":{"loc":{"start":{"line":142,"column":8},"end":{"line":147,"column":9}},"type":"if","locations":[{"start":{"line":142,"column":8},"end":{"line":147,"column":9}},{"start":{"line":142,"column":8},"end":{"line":147,"column":9}}],"line":142},"4":{"loc":{"start":{"line":167,"column":18},"end":{"line":167,"column":63}},"type":"cond-expr","locations":[{"start":{"line":167,"column":42},"end":{"line":167,"column":51}},{"start":{"line":167,"column":54},"end":{"line":167,"column":63}}],"line":167}},"s":{"0":0,"1":0,"2":0,"3":0,"4":0,"5":0,"6":0,"7":0,"8":0,"9":0,"10":0,"11":0,"12":0,"13":0,"14":0,"15":0,"16":0,"17":0,"18":0,"19":0,"20":0,"21":0,"22":0,"23":0,"24":0,"25":0,"26":0,"27":0,"28":0,"29":0,"30":0,"31":0,"32":0,"33":0,"34":0,"35":0,"36":0,"37":0,"38":0,"39":0,"40":0,"41":0,"42":0,"43":0,"44":0,"45":0,"46":0,"47":0},"f":{"0":0,"1":0,"2":0,"3":0,"4":0,"5":0,"6":0,"7":0,"8":0,"9":0,"10":0,"11":0,"12":0,"13":0},"b":{"0":[0,0],"1":[0,0],"2":[0,0],"3":[0,0],"4":[0,0]}}
,"/home/ericksson/Desktop/MyDevData/GoBarber/mobile/src/pages/SignIn/index.tsx": {"path":"/home/ericksson/Desktop/MyDevData/GoBarber/mobile/src/pages/SignIn/index.tsx","statementMap":{"0":{"start":{"line":36,"column":25},"end":{"line":145,"column":1}},"1":{"start":{"line":37,"column":21},"end":{"line":37,"column":36}},"2":{"start":{"line":39,"column":18},"end":{"line":39,"column":43}},"3":{"start":{"line":40,"column":27},"end":{"line":40,"column":50}},"4":{"start":{"line":42,"column":21},"end":{"line":42,"column":30}},"5":{"start":{"line":44,"column":23},"end":{"line":79,"column":3}},"6":{"start":{"line":46,"column":6},"end":{"line":76,"column":7}},"7":{"start":{"line":47,"column":8},"end":{"line":47,"column":39}},"8":{"start":{"line":48,"column":23},"end":{"line":53,"column":10}},"9":{"start":{"line":54,"column":8},"end":{"line":56,"column":11}},"10":{"start":{"line":58,"column":8},"end":{"line":61,"column":11}},"11":{"start":{"line":65,"column":8},"end":{"line":70,"column":9}},"12":{"start":{"line":66,"column":25},"end":{"line":66,"column":50}},"13":{"start":{"line":67,"column":10},"end":{"line":67,"column":45}},"14":{"start":{"line":69,"column":10},"end":{"line":69,"column":17}},"15":{"start":{"line":72,"column":8},"end":{"line":75,"column":10}},"16":{"start":{"line":81,"column":2},"end":{"line":144,"column":4}},"17":{"start":{"line":106,"column":18},"end":{"line":106,"column":52}},"18":{"start":{"line":113,"column":40},"end":{"line":113,"column":69}},"19":{"start":{"line":121,"column":18},"end":{"line":121,"column":48}},"20":{"start":{"line":130,"column":18},"end":{"line":130,"column":42}},"21":{"start":{"line":139,"column":42},"end":{"line":139,"column":71}}},"fnMap":{"0":{"name":"(anonymous_0)","decl":{"start":{"line":36,"column":25},"end":{"line":36,"column":26}},"loc":{"start":{"line":36,"column":31},"end":{"line":145,"column":1}},"line":36},"1":{"name":"(anonymous_1)","decl":{"start":{"line":45,"column":4},"end":{"line":45,"column":5}},"loc":{"start":{"line":45,"column":36},"end":{"line":77,"column":5}},"line":45},"2":{"name":"(anonymous_2)","decl":{"start":{"line":105,"column":33},"end":{"line":105,"column":34}},"loc":{"start":{"line":105,"column":39},"end":{"line":107,"column":17}},"line":105},"3":{"name":"(anonymous_3)","decl":{"start":{"line":113,"column":33},"end":{"line":113,"column":34}},"loc":{"start":{"line":113,"column":39},"end":{"line":113,"column":70}},"line":113},"4":{"name":"(anonymous_4)","decl":{"start":{"line":120,"column":23},"end":{"line":120,"column":24}},"loc":{"start":{"line":120,"column":29},"end":{"line":122,"column":15}},"line":120},"5":{"name":"(anonymous_5)","decl":{"start":{"line":129,"column":25},"end":{"line":129,"column":26}},"loc":{"start":{"line":129,"column":31},"end":{"line":131,"column":17}},"line":129},"6":{"name":"(anonymous_6)","decl":{"start":{"line":139,"column":36},"end":{"line":139,"column":37}},"loc":{"start":{"line":139,"column":42},"end":{"line":139,"column":71}},"line":139}},"branchMap":{"0":{"loc":{"start":{"line":65,"column":8},"end":{"line":70,"column":9}},"type":"if","locations":[{"start":{"line":65,"column":8},"end":{"line":70,"column":9}},{"start":{"line":65,"column":8},"end":{"line":70,"column":9}}],"line":65},"1":{"loc":{"start":{"line":86,"column":18},"end":{"line":86,"column":63}},"type":"cond-expr","locations":[{"start":{"line":86,"column":42},"end":{"line":86,"column":51}},{"start":{"line":86,"column":54},"end":{"line":86,"column":63}}],"line":86}},"s":{"0":1,"1":1,"2":1,"3":1,"4":1,"5":1,"6":0,"7":0,"8":0,"9":0,"10":0,"11":0,"12":0,"13":0,"14":0,"15":0,"16":1,"17":0,"18":0,"19":0,"20":0,"21":0},"f":{"0":1,"1":0,"2":0,"3":0,"4":0,"5":0,"6":0},"b":{"0":[0,0],"1":[1,0]},"_coverageSchema":"1a1c01bbd47fc00a2c39e90264f33305004495a9","hash":"f0ab36e28aebfa259379c461d5e9c1abdd2a09e8"}
,"/home/ericksson/Desktop/MyDevData/GoBarber/mobile/src/pages/SignUp/index.tsx": {"path":"/home/ericksson/Desktop/MyDevData/GoBarber/mobile/src/pages/SignUp/index.tsx","statementMap":{"0":{"start":{"line":28,"column":25},"end":{"line":138,"column":1}},"1":{"start":{"line":29,"column":21},"end":{"line":29,"column":36}},"2":{"start":{"line":31,"column":18},"end":{"line":31,"column":43}},"3":{"start":{"line":32,"column":24},"end":{"line":32,"column":47}},"4":{"start":{"line":33,"column":27},"end":{"line":33,"column":50}},"5":{"start":{"line":34,"column":23},"end":{"line":74,"column":3}},"6":{"start":{"line":36,"column":6},"end":{"line":71,"column":7}},"7":{"start":{"line":37,"column":8},"end":{"line":37,"column":39}},"8":{"start":{"line":38,"column":23},"end":{"line":47,"column":10}},"9":{"start":{"line":48,"column":8},"end":{"line":50,"column":11}},"10":{"start":{"line":52,"column":8},"end":{"line":52,"column":39}},"11":{"start":{"line":54,"column":8},"end":{"line":57,"column":10}},"12":{"start":{"line":58,"column":8},"end":{"line":58,"column":28}},"13":{"start":{"line":60,"column":8},"end":{"line":65,"column":9}},"14":{"start":{"line":61,"column":25},"end":{"line":61,"column":50}},"15":{"start":{"line":62,"column":10},"end":{"line":62,"column":45}},"16":{"start":{"line":64,"column":10},"end":{"line":64,"column":17}},"17":{"start":{"line":67,"column":8},"end":{"line":70,"column":10}},"18":{"start":{"line":76,"column":2},"end":{"line":137,"column":4}},"19":{"start":{"line":93,"column":39},"end":{"line":93,"column":69}},"20":{"start":{"line":101,"column":39},"end":{"line":101,"column":72}},"21":{"start":{"line":119,"column":39},"end":{"line":119,"column":68}},"22":{"start":{"line":124,"column":16},"end":{"line":124,"column":46}},"23":{"start":{"line":132,"column":35},"end":{"line":132,"column":54}}},"fnMap":{"0":{"name":"(anonymous_0)","decl":{"start":{"line":28,"column":25},"end":{"line":28,"column":26}},"loc":{"start":{"line":28,"column":31},"end":{"line":138,"column":1}},"line":28},"1":{"name":"(anonymous_1)","decl":{"start":{"line":35,"column":4},"end":{"line":35,"column":5}},"loc":{"start":{"line":35,"column":36},"end":{"line":72,"column":5}},"line":35},"2":{"name":"(anonymous_2)","decl":{"start":{"line":93,"column":33},"end":{"line":93,"column":34}},"loc":{"start":{"line":93,"column":39},"end":{"line":93,"column":69}},"line":93},"3":{"name":"(anonymous_3)","decl":{"start":{"line":101,"column":33},"end":{"line":101,"column":34}},"loc":{"start":{"line":101,"column":39},"end":{"line":101,"column":72}},"line":101},"4":{"name":"(anonymous_4)","decl":{"start":{"line":119,"column":33},"end":{"line":119,"column":34}},"loc":{"start":{"line":119,"column":39},"end":{"line":119,"column":68}},"line":119},"5":{"name":"(anonymous_5)","decl":{"start":{"line":123,"column":23},"end":{"line":123,"column":24}},"loc":{"start":{"line":123,"column":29},"end":{"line":125,"column":15}},"line":123},"6":{"name":"(anonymous_6)","decl":{"start":{"line":132,"column":29},"end":{"line":132,"column":30}},"loc":{"start":{"line":132,"column":35},"end":{"line":132,"column":54}},"line":132}},"branchMap":{"0":{"loc":{"start":{"line":60,"column":8},"end":{"line":65,"column":9}},"type":"if","locations":[{"start":{"line":60,"column":8},"end":{"line":65,"column":9}},{"start":{"line":60,"column":8},"end":{"line":65,"column":9}}],"line":60},"1":{"loc":{"start":{"line":81,"column":18},"end":{"line":81,"column":63}},"type":"cond-expr","locations":[{"start":{"line":81,"column":42},"end":{"line":81,"column":51}},{"start":{"line":81,"column":54},"end":{"line":81,"column":63}}],"line":81}},"s":{"0":0,"1":0,"2":0,"3":0,"4":0,"5":0,"6":0,"7":0,"8":0,"9":0,"10":0,"11":0,"12":0,"13":0,"14":0,"15":0,"16":0,"17":0,"18":0,"19":0,"20":0,"21":0,"22":0,"23":0},"f":{"0":0,"1":0,"2":0,"3":0,"4":0,"5":0,"6":0},"b":{"0":[0,0],"1":[0,0]}}
,"/home/ericksson/Desktop/MyDevData/GoBarber/mobile/src/pages/routes/app.routes.tsx": {"path":"/home/ericksson/Desktop/MyDevData/GoBarber/mobile/src/pages/routes/app.routes.tsx","statementMap":{"0":{"start":{"line":9,"column":12},"end":{"line":9,"column":34}},"1":{"start":{"line":11,"column":28},"end":{"line":24,"column":1}},"2":{"start":{"line":12,"column":2},"end":{"line":23,"column":18}}},"fnMap":{"0":{"name":"(anonymous_0)","decl":{"start":{"line":11,"column":28},"end":{"line":11,"column":29}},"loc":{"start":{"line":12,"column":2},"end":{"line":23,"column":18}},"line":12}},"branchMap":{},"s":{"0":0,"1":0,"2":0},"f":{"0":0},"b":{}}
,"/home/ericksson/Desktop/MyDevData/GoBarber/mobile/src/pages/routes/auth.routes.tsx": {"path":"/home/ericksson/Desktop/MyDevData/GoBarber/mobile/src/pages/routes/auth.routes.tsx","statementMap":{"0":{"start":{"line":7,"column":13},"end":{"line":7,"column":35}},"1":{"start":{"line":9,"column":29},"end":{"line":19,"column":1}},"2":{"start":{"line":10,"column":2},"end":{"line":18,"column":19}}},"fnMap":{"0":{"name":"(anonymous_0)","decl":{"start":{"line":9,"column":29},"end":{"line":9,"column":30}},"loc":{"start":{"line":10,"column":2},"end":{"line":18,"column":19}},"line":10}},"branchMap":{},"s":{"0":0,"1":0,"2":0},"f":{"0":0},"b":{}}
,"/home/ericksson/Desktop/MyDevData/GoBarber/mobile/src/pages/routes/index.tsx": {"path":"/home/ericksson/Desktop/MyDevData/GoBarber/mobile/src/pages/routes/index.tsx","statementMap":{"0":{"start":{"line":8,"column":25},"end":{"line":19,"column":1}},"1":{"start":{"line":9,"column":28},"end":{"line":9,"column":37}},"2":{"start":{"line":11,"column":2},"end":{"line":17,"column":3}},"3":{"start":{"line":12,"column":4},"end":{"line":16,"column":6}},"4":{"start":{"line":18,"column":2},"end":{"line":18,"column":47}}},"fnMap":{"0":{"name":"(anonymous_0)","decl":{"start":{"line":8,"column":25},"end":{"line":8,"column":26}},"loc":{"start":{"line":8,"column":31},"end":{"line":19,"column":1}},"line":8}},"branchMap":{"0":{"loc":{"start":{"line":11,"column":2},"end":{"line":17,"column":3}},"type":"if","locations":[{"start":{"line":11,"column":2},"end":{"line":17,"column":3}},{"start":{"line":11,"column":2},"end":{"line":17,"column":3}}],"line":11},"1":{"loc":{"start":{"line":18,"column":9},"end":{"line":18,"column":46}},"type":"cond-expr","locations":[{"start":{"line":18,"column":16},"end":{"line":18,"column":29}},{"start":{"line":18,"column":32},"end":{"line":18,"column":46}}],"line":18}},"s":{"0":0,"1":0,"2":0,"3":0,"4":0},"f":{"0":0},"b":{"0":[0,0],"1":[0,0]}}
}
